794C .START (2017-03-16 13:47:37) phpCAS-1.3.4+ ****************** [CAS.php:469]
794C .=> phpCAS::client('3.0', 'cas.univ-lyon3.fr', 443, '/cas') [Auth.php:36]
794C .|    => CAS_Client::__construct('3.0', false, 'cas.univ-lyon3.fr', 443, '/cas', true) [CAS.php:359]
794C .|    |    Session is not authenticated [Client.php:912]
794C .|    <= ''
794C .<= ''
794C .=> phpCAS::setNoCasServerValidation() [Auth.php:37]
794C .|    You have configured no validation of the legitimacy of the cas server. This is not recommended for production use. [CAS.php:1618]
794C .<= ''
794C .=> phpCAS::forceAuthentication() [Auth.php:38]
794C .|    => CAS_Client::forceAuthentication() [CAS.php:1080]
794C .|    |    => CAS_Client::isAuthenticated() [Client.php:1254]
794C .|    |    |    => CAS_Client::_wasPreviouslyAuthenticated() [Client.php:1367]
794C .|    |    |    |    no user found [Client.php:1609]
794C .|    |    |    <= false
794C .|    |    |    no ticket found [Client.php:1468]
794C .|    |    <= false
794C .|    |    => CAS_Client::redirectToCas(false) [Client.php:1263]
794C .|    |    |    => CAS_Client::getServerLoginURL(false, false) [Client.php:1630]
794C .|    |    |    |    => CAS_Client::getURL() [Client.php:342]
794C .|    |    |    |    |    Final URI: http://localhost/app-test/?p=deconnexion [Client.php:3513]
794C .|    |    |    |    <= 'http://localhost/app-test/?p=deconnexion'
794C .|    |    |    <= 'https://cas.univ-lyon3.fr/cas/login?service=http%3A%2F%2Flocalhost%2Fapp-test%2F%3Fp%3Ddeconnexion'
794C .|    |    |    Redirect to : https://cas.univ-lyon3.fr/cas/login?service=http%3A%2F%2Flocalhost%2Fapp-test%2F%3Fp%3Ddeconnexion [Client.php:1637]
794C .|    |    |    exit()
794C .|    |    |    -
794C .|    |    -
794C .|    -
